<?xml version="1.0" encoding="UTF-8"?>
<testng-results ignored="0" total="1" passed="1" failed="0" skipped="0">
  <reporter-output>
  </reporter-output>
  <suite started-at="2022-04-15T22:24:09 BOT" name="Default suite" finished-at="2022-04-15T22:24:28 BOT" duration-ms="19283">
    <groups>
    </groups>
    <test started-at="2022-04-15T22:24:09 BOT" name="Default test" finished-at="2022-04-15T22:24:28 BOT" duration-ms="19283">
      <class name="Testcases.LoginApplication">
        <test-method signature="Login()[pri:0, instance:Testcases.LoginApplication@5403f35f]" started-at="2022-04-15T22:24:09 BOT" name="Login" finished-at="2022-04-15T22:24:28 BOT" duration-ms="19199" status="PASS">
          <reporter-output>
          </reporter-output>
        </test-method> <!-- Login -->
      </class> <!-- Testcases.LoginApplication -->
    </test> <!-- Default test -->
  </suite> <!-- Default suite -->
</testng-results>
